
--- Error at tmpmk21w4ly.wav ---
Traceback (most recent call last):
  File "c:\Users\M.DHAARANI\Downloads\AMCEF\.venv\lib\site-packages\keras\src\ops\operation.py", line 317, in from_config
    return cls(**config)
  File "c:\Users\M.DHAARANI\Downloads\AMCEF\.venv\lib\site-packages\keras\src\layers\core\dense.py", line 95, in __init__
    super().__init__(activity_regularizer=activity_regularizer, **kwargs)
  File "c:\Users\M.DHAARANI\Downloads\AMCEF\.venv\lib\site-packages\keras\src\layers\layer.py", line 291, in __init__
    raise ValueError(
ValueError: Unrecognized keyword arguments passed to Dense: {'quantization_config': None}

During handling of the above exception, another exception occurred:

Traceback (most recent call last):
  File "c:\Users\M.DHAARANI\Downloads\AMCEF\.venv\lib\site-packages\keras\src\saving\serialization_lib.py", line 733, in deserialize_keras_object
    instance = cls.from_config(inner_config)
  File "c:\Users\M.DHAARANI\Downloads\AMCEF\.venv\lib\site-packages\keras\src\ops\operation.py", line 319, in from_config
    raise TypeError(
TypeError: Error when deserializing class 'Dense' using config={'name': 'dense_18', 'trainable': True, 'dtype': 'float32', 'units': 512, 'activation': 'relu', 'use_bias': True, 'kernel_initializer': {'module': 'keras.initializers', 'class_name': 'GlorotUniform', 'config': {'seed': None}, 'registered_name': None}, 'bias_initializer': {'module': 'keras.initializers', 'class_name': 'Zeros', 'config': {}, 'registered_name': None}, 'kernel_regularizer': None, 'bias_regularizer': None, 'kernel_constraint': None, 'bias_constraint': None, 'quantization_config': None}.

Exception encountered: Unrecognized keyword arguments passed to Dense: {'quantization_config': None}

During handling of the above exception, another exception occurred:

Traceback (most recent call last):
  File "c:\Users\M.DHAARANI\Downloads\AMCEF\.venv\lib\site-packages\keras\src\saving\serialization_lib.py", line 733, in deserialize_keras_object
    instance = cls.from_config(inner_config)
  File "c:\Users\M.DHAARANI\Downloads\AMCEF\.venv\lib\site-packages\keras\src\models\sequential.py", line 371, in from_config
    layer = serialization_lib.deserialize_keras_object(
  File "c:\Users\M.DHAARANI\Downloads\AMCEF\.venv\lib\site-packages\keras\src\saving\serialization_lib.py", line 735, in deserialize_keras_object
    raise TypeError(
TypeError: <class 'keras.src.layers.core.dense.Dense'> could not be deserialized properly. Please ensure that components that are Python object instances (layers, models, etc.) returned by `get_config()` are explicitly deserialized in the model's `from_config()` method.

config={'module': 'keras.layers', 'class_name': 'Dense', 'config': {'name': 'dense_18', 'trainable': True, 'dtype': {'module': 'keras', 'class_name': 'DTypePolicy', 'config': {'name': 'float32'}, 'registered_name': None}, 'units': 512, 'activation': 'relu', 'use_bias': True, 'kernel_initializer': {'module': 'keras.initializers', 'class_name': 'GlorotUniform', 'config': {'seed': None}, 'registered_name': None}, 'bias_initializer': {'module': 'keras.initializers', 'class_name': 'Zeros', 'config': {}, 'registered_name': None}, 'kernel_regularizer': None, 'bias_regularizer': None, 'kernel_constraint': None, 'bias_constraint': None, 'quantization_config': None}, 'registered_name': None, 'build_config': {'input_shape': [None, 180]}}.

Exception encountered: Error when deserializing class 'Dense' using config={'name': 'dense_18', 'trainable': True, 'dtype': 'float32', 'units': 512, 'activation': 'relu', 'use_bias': True, 'kernel_initializer': {'module': 'keras.initializers', 'class_name': 'GlorotUniform', 'config': {'seed': None}, 'registered_name': None}, 'bias_initializer': {'module': 'keras.initializers', 'class_name': 'Zeros', 'config': {}, 'registered_name': None}, 'kernel_regularizer': None, 'bias_regularizer': None, 'kernel_constraint': None, 'bias_constraint': None, 'quantization_config': None}.

Exception encountered: Unrecognized keyword arguments passed to Dense: {'quantization_config': None}

During handling of the above exception, another exception occurred:

Traceback (most recent call last):
  File "C:\Users\M.DHAARANI\Downloads\AMCEF\backend\audio\fusion_predict.py", line 75, in predict_audio_emotion
    emotion, confidence, probs = fusion_prediction(audio_path)
  File "C:\Users\M.DHAARANI\Downloads\AMCEF\backend\audio\fusion_predict.py", line 51, in fusion_prediction
    m = get_models()
  File "C:\Users\M.DHAARANI\Downloads\AMCEF\backend\audio\fusion_predict.py", line 32, in get_models
    models_cache['emodb'] = load_model(os.path.join(MODELS_DIR, "emodb_model.keras"))
  File "c:\Users\M.DHAARANI\Downloads\AMCEF\.venv\lib\site-packages\keras\src\saving\saving_api.py", line 189, in load_model
    return saving_lib.load_model(
  File "c:\Users\M.DHAARANI\Downloads\AMCEF\.venv\lib\site-packages\keras\src\saving\saving_lib.py", line 365, in load_model
    return _load_model_from_fileobj(
  File "c:\Users\M.DHAARANI\Downloads\AMCEF\.venv\lib\site-packages\keras\src\saving\saving_lib.py", line 442, in _load_model_from_fileobj
    model = _model_from_config(
  File "c:\Users\M.DHAARANI\Downloads\AMCEF\.venv\lib\site-packages\keras\src\saving\saving_lib.py", line 431, in _model_from_config
    model = deserialize_keras_object(
  File "c:\Users\M.DHAARANI\Downloads\AMCEF\.venv\lib\site-packages\keras\src\saving\serialization_lib.py", line 735, in deserialize_keras_object
    raise TypeError(
TypeError: <class 'keras.src.models.sequential.Sequential'> could not be deserialized properly. Please ensure that components that are Python object instances (layers, models, etc.) returned by `get_config()` are explicitly deserialized in the model's `from_config()` method.

config={'module': 'keras', 'class_name': 'Sequential', 'config': {'name': 'sequential_5', 'trainable': True, 'dtype': {'module': 'keras', 'class_name': 'DTypePolicy', 'config': {'name': 'float32'}, 'registered_name': None}, 'layers': [{'module': 'keras.layers', 'class_name': 'InputLayer', 'config': {'batch_shape': [None, 180], 'dtype': 'float32', 'sparse': False, 'ragged': False, 'name': 'input_layer_5', 'optional': False}, 'registered_name': None}, {'module': 'keras.layers', 'class_name': 'Dense', 'config': {'name': 'dense_18', 'trainable': True, 'dtype': {'module': 'keras', 'class_name': 'DTypePolicy', 'config': {'name': 'float32'}, 'registered_name': None}, 'units': 512, 'activation': 'relu', 'use_bias': True, 'kernel_initializer': {'module': 'keras.initializers', 'class_name': 'GlorotUniform', 'config': {'seed': None}, 'registered_name': None}, 'bias_initializer': {'module': 'keras.initializers', 'class_name': 'Zeros', 'config': {}, 'registered_name': None}, 'kernel_regularizer': None, 'bias_regularizer': None, 'kernel_constraint': None, 'bias_constraint': None, 'quantization_config': None}, 'registered_name': None, 'build_config': {'input_shape': [None, 180]}}, {'module': 'keras.layers', 'class_name': 'BatchNormalization', 'config': {'name': 'batch_normalization_6', 'trainable': True, 'dtype': {'module': 'keras', 'class_name': 'DTypePolicy', 'config': {'name': 'float32'}, 'registered_name': None}, 'axis': -1, 'momentum': 0.99, 'epsilon': 0.001, 'center': True, 'scale': True, 'beta_initializer': {'module': 'keras.initializers', 'class_name': 'Zeros', 'config': {}, 'registered_name': None}, 'gamma_initializer': {'module': 'keras.initializers', 'class_name': 'Ones', 'config': {}, 'registered_name': None}, 'moving_mean_initializer': {'module': 'keras.initializers', 'class_name': 'Zeros', 'config': {}, 'registered_name': None}, 'moving_variance_initializer': {'module': 'keras.initializers', 'class_name': 'Ones', 'config': {}, 'registered_name': None}, 'beta_regularizer': None, 'gamma_regularizer': None, 'beta_constraint': None, 'gamma_constraint': None, 'synchronized': False}, 'registered_name': None, 'build_config': {'input_shape': [None, 512]}}, {'module': 'keras.layers', 'class_name': 'Dropout', 'config': {'name': 'dropout_11', 'trainable': True, 'dtype': {'module': 'keras', 'class_name': 'DTypePolicy', 'config': {'name': 'float32'}, 'registered_name': None}, 'rate': 0.5, 'seed': None, 'noise_shape': None}, 'registered_name': None}, {'module': 'keras.layers', 'class_name': 'Dense', 'config': {'name': 'dense_19', 'trainable': True, 'dtype': {'module': 'keras', 'class_name': 'DTypePolicy', 'config': {'name': 'float32'}, 'registered_name': None}, 'units': 256, 'activation': 'relu', 'use_bias': True, 'kernel_initializer': {'module': 'keras.initializers', 'class_name': 'GlorotUniform', 'config': {'seed': None}, 'registered_name': None}, 'bias_initializer': {'module': 'keras.initializers', 'class_name': 'Zeros', 'config': {}, 'registered_name': None}, 'kernel_regularizer': None, 'bias_regularizer': None, 'kernel_constraint': None, 'bias_constraint': None, 'quantization_config': None}, 'registered_name': None, 'build_config': {'input_shape': [None, 512]}}, {'module': 'keras.layers', 'class_name': 'BatchNormalization', 'config': {'name': 'batch_normalization_7', 'trainable': True, 'dtype': {'module': 'keras', 'class_name': 'DTypePolicy', 'config': {'name': 'float32'}, 'registered_name': None}, 'axis': -1, 'momentum': 0.99, 'epsilon': 0.001, 'center': True, 'scale': True, 'beta_initializer': {'module': 'keras.initializers', 'class_name': 'Zeros', 'config': {}, 'registered_name': None}, 'gamma_initializer': {'module': 'keras.initializers', 'class_name': 'Ones', 'config': {}, 'registered_name': None}, 'moving_mean_initializer': {'module': 'keras.initializers', 'class_name': 'Zeros', 'config': {}, 'registered_name': None}, 'moving_variance_initializer': {'module': 'keras.initializers', 'class_name': 'Ones', 'config': {}, 'registered_name': None}, 'beta_regularizer': None, 'gamma_regularizer': None, 'beta_constraint': None, 'gamma_constraint': None, 'synchronized': False}, 'registered_name': None, 'build_config': {'input_shape': [None, 256]}}, {'module': 'keras.layers', 'class_name': 'Dropout', 'config': {'name': 'dropout_12', 'trainable': True, 'dtype': {'module': 'keras', 'class_name': 'DTypePolicy', 'config': {'name': 'float32'}, 'registered_name': None}, 'rate': 0.4, 'seed': None, 'noise_shape': None}, 'registered_name': None}, {'module': 'keras.layers', 'class_name': 'Dense', 'config': {'name': 'dense_20', 'trainable': True, 'dtype': {'module': 'keras', 'class_name': 'DTypePolicy', 'config': {'name': 'float32'}, 'registered_name': None}, 'units': 128, 'activation': 'relu', 'use_bias': True, 'kernel_initializer': {'module': 'keras.initializers', 'class_name': 'GlorotUniform', 'config': {'seed': None}, 'registered_name': None}, 'bias_initializer': {'module': 'keras.initializers', 'class_name': 'Zeros', 'config': {}, 'registered_name': None}, 'kernel_regularizer': None, 'bias_regularizer': None, 'kernel_constraint': None, 'bias_constraint': None, 'quantization_config': None}, 'registered_name': None, 'build_config': {'input_shape': [None, 256]}}, {'module': 'keras.layers', 'class_name': 'Dropout', 'config': {'name': 'dropout_13', 'trainable': True, 'dtype': {'module': 'keras', 'class_name': 'DTypePolicy', 'config': {'name': 'float32'}, 'registered_name': None}, 'rate': 0.3, 'seed': None, 'noise_shape': None}, 'registered_name': None}, {'module': 'keras.layers', 'class_name': 'Dense', 'config': {'name': 'dense_21', 'trainable': True, 'dtype': {'module': 'keras', 'class_name': 'DTypePolicy', 'config': {'name': 'float32'}, 'registered_name': None}, 'units': 6, 'activation': 'softmax', 'use_bias': True, 'kernel_initializer': {'module': 'keras.initializers', 'class_name': 'GlorotUniform', 'config': {'seed': None}, 'registered_name': None}, 'bias_initializer': {'module': 'keras.initializers', 'class_name': 'Zeros', 'config': {}, 'registered_name': None}, 'kernel_regularizer': None, 'bias_regularizer': None, 'kernel_constraint': None, 'bias_constraint': None, 'quantization_config': None}, 'registered_name': None, 'build_config': {'input_shape': [None, 128]}}], 'build_input_shape': [None, 180]}, 'registered_name': None, 'build_config': {'input_shape': [None, 180]}, 'compile_config': {'optimizer': {'module': 'keras.optimizers', 'class_name': 'RMSprop', 'config': {'name': 'rmsprop', 'learning_rate': 0.0010000000474974513, 'weight_decay': None, 'clipnorm': None, 'global_clipnorm': None, 'clipvalue': None, 'use_ema': False, 'ema_momentum': 0.99, 'ema_overwrite_frequency': None, 'loss_scale_factor': None, 'gradient_accumulation_steps': None, 'rho': 0.9, 'momentum': 0.0, 'epsilon': 1e-07, 'centered': False}, 'registered_name': None}, 'loss': 'sparse_categorical_crossentropy', 'loss_weights': None, 'metrics': ['accuracy'], 'weighted_metrics': None, 'run_eagerly': False, 'steps_per_execution': 1, 'jit_compile': True}}.

Exception encountered: <class 'keras.src.layers.core.dense.Dense'> could not be deserialized properly. Please ensure that components that are Python object instances (layers, models, etc.) returned by `get_config()` are explicitly deserialized in the model's `from_config()` method.

config={'module': 'keras.layers', 'class_name': 'Dense', 'config': {'name': 'dense_18', 'trainable': True, 'dtype': {'module': 'keras', 'class_name': 'DTypePolicy', 'config': {'name': 'float32'}, 'registered_name': None}, 'units': 512, 'activation': 'relu', 'use_bias': True, 'kernel_initializer': {'module': 'keras.initializers', 'class_name': 'GlorotUniform', 'config': {'seed': None}, 'registered_name': None}, 'bias_initializer': {'module': 'keras.initializers', 'class_name': 'Zeros', 'config': {}, 'registered_name': None}, 'kernel_regularizer': None, 'bias_regularizer': None, 'kernel_constraint': None, 'bias_constraint': None, 'quantization_config': None}, 'registered_name': None, 'build_config': {'input_shape': [None, 180]}}.

Exception encountered: Error when deserializing class 'Dense' using config={'name': 'dense_18', 'trainable': True, 'dtype': 'float32', 'units': 512, 'activation': 'relu', 'use_bias': True, 'kernel_initializer': {'module': 'keras.initializers', 'class_name': 'GlorotUniform', 'config': {'seed': None}, 'registered_name': None}, 'bias_initializer': {'module': 'keras.initializers', 'class_name': 'Zeros', 'config': {}, 'registered_name': None}, 'kernel_regularizer': None, 'bias_regularizer': None, 'kernel_constraint': None, 'bias_constraint': None, 'quantization_config': None}.

Exception encountered: Unrecognized keyword arguments passed to Dense: {'quantization_config': None}

